Drill report for board.kicad_pcb
Created on 2024-11-19T19:36:31+0100

Copper Layer Stackup:
    =============================================================
    L1 :  F.Cu                      front
    L2 :  B.Cu                      back


Drill file 'board-PTH.drl' contains
    plated through holes:
    =============================================================
    T1  0.300mm  0.0118"  (14 holes)
    T2  0.700mm  0.0276"  (2 holes)
    T3  0.800mm  0.0315"  (22 holes)
    T4  1.000mm  0.0394"  (5 holes)
    T5  1.020mm  0.0402"  (24 holes)
    T6  1.100mm  0.0433"  (59 holes)
    T7  1.300mm  0.0512"  (15 holes)

    Total plated holes count 141


Drill file 'board-NPTH.drl' contains
    unplated through holes:
    =============================================================

    Total unplated holes count 0
